<?xml version="1.0" encoding="UTF-8"?>
<!-- Generated by org.testng.reporters.JUnitXMLReporter -->
<testsuite ignored="1" hostname="LAPTOP-LEJ9M4GP" failures="0" tests="2" name="TESt1" time="0.061" errors="0" timestamp="2021-10-09T00:34:36 IST">
  <testcase classname="TestNGPractice.TNG1" name="method1" time="0.009"/>
  <testcase classname="TestNGPractice.TNG2" name="method1" time="0.001"/>
  <testcase classname="TestNGPractice.TNG1" name="method2" time="0.0">
    <ignored/>
  </testcase> <!-- method2 -->
</testsuite> <!-- TESt1 -->
