<?xml version="1.0" encoding="UTF-8"?>
<!-- Generated by org.testng.reporters.JUnitXMLReporter -->
<testsuite ignored="2" hostname="LAPTOP-LEJ9M4GP" failures="0" tests="1" name="TEStNGCASES" time="0.053" errors="0" timestamp="2021-10-09T00:21:56 IST">
  <testcase classname="TestNGPractice.TNG2" name="method1" time="0.005"/>
  <testcase classname="TestNGPractice.TNG1" name="method1" time="0.0">
    <ignored/>
  </testcase> <!-- method1 -->
  <testcase classname="TestNGPractice.TNG1" name="method2" time="0.0">
    <ignored/>
  </testcase> <!-- method2 -->
</testsuite> <!-- TEStNGCASES -->
