<?xml version="1.0" encoding="UTF-8"?>
<!-- Generated by org.testng.reporters.JUnitXMLReporter -->
<testsuite ignored="0" hostname="LAPTOP-LEJ9M4GP" failures="1" tests="9" name="Test" time="9.146" errors="0" timestamp="2021-10-10T20:35:36 IST">
  <testcase classname="TestNGPractice.Assert" name="VerifyOrangeHRM" time="0.326">
    <failure type="java.lang.AssertionError" message="expected [OrangeHRM - New Level of HR Management] but found []">
      <![CDATA[java.lang.AssertionError: expected [OrangeHRM - New Level of HR Management] but found []
at TestNGPractice.Assert.VerifyOrangeHRM(Assert.java:41)
at java.base/java.util.ArrayList.forEach(ArrayList.java:1511)
... Removed 33 stack frames]]>
    </failure>
  </testcase> <!-- VerifyOrangeHRM -->
  <testcase classname="TestNGPractice.TestCase6" name="verifyorangeHrm" time="5.76"/>
  <testcase classname="TestNGPractice.TNG1" name="method1" time="0.001"/>
  <testcase classname="TestNGPractice.TNG1" name="method2" time="0.002"/>
  <testcase classname="TestNGPractice.TNG2" name="method1" time="0.002"/>
  <testcase classname="TestNGPractice.TNG3" name="M2" time="0.001"/>
  <testcase classname="TestNGPractice.TNG4" name="M5" time="0.001"/>
  <testcase classname="TestNGPractice.TNG5" name="method3" time="0.0"/>
  <testcase classname="TestNGPractice.TNG5" name="method4" time="0.001"/>
</testsuite> <!-- Test -->
